Using pre-set license
Built from '2020.3/staging' branch; Version is '2020.3.19f1 (68f137dc9bbe) revision 6877495'; Using compiler version '192528614'; Build Type 'Release'
OS: 'Windows 10 Home; OS build 19041.1237; Version 2004; 64bit' Language: 'en' Physical Memory: 32670 MB
BatchMode: 1, IsHumanControllingUs: 0, StartBugReporterOnCrash: 0, Is64bit: 1, IsPro: 0

COMMAND LINE ARGUMENTS:
C:\Program Files\Unity\Hub\Editor\2020.3.19f1\Editor\Unity.exe
-adb2
-batchMode
-noUpm
-name
AssetImportWorker0
-projectPath
C:/Users/MED55/Documents/MED710/Group10/MED 710 URP
-logFile
Logs/AssetImportWorker0.log
-srvPort
63392
Successfully changed project path to: C:/Users/MED55/Documents/MED710/Group10/MED 710 URP
C:/Users/MED55/Documents/MED710/Group10/MED 710 URP
Using Asset Import Pipeline V2.
Refreshing native plugins compatible for Editor in 51.04 ms, found 11 plugins.
Preloading 1 native plugins for Editor in 0.64 ms.
Initialize engine version: 2020.3.19f1 (68f137dc9bbe)
[Subsystems] Discovering subsystems at path C:/Program Files/Unity/Hub/Editor/2020.3.19f1/Editor/Data/Resources/UnitySubsystems
[Subsystems] Discovering subsystems at path C:/Users/MED55/Documents/MED710/Group10/MED 710 URP/Assets
GfxDevice: creating device client; threaded=0
Direct3D:
    Version:  Direct3D 11.0 [level 11.1]
    Renderer: NVIDIA GeForce RTX 3080 (ID=0x2216)
    Vendor:   
    VRAM:     10078 MB
    Driver:   30.0.14.7212
Initialize mono
Mono path[0] = 'C:/Program Files/Unity/Hub/Editor/2020.3.19f1/Editor/Data/Managed'
Mono path[1] = 'C:/Program Files/Unity/Hub/Editor/2020.3.19f1/Editor/Data/MonoBleedingEdge/lib/mono/unityjit'
Mono config path = 'C:/Program Files/Unity/Hub/Editor/2020.3.19f1/Editor/Data/MonoBleedingEdge/etc'
Using monoOptions --debugger-agent=transport=dt_socket,embedding=1,server=y,suspend=n,address=127.0.0.1:56252
Begin MonoManager ReloadAssembly
Registering precompiled unity dll's ...
Register platform support module: C:/Program Files/Unity/Hub/Editor/2020.3.19f1/Editor/Data/PlaybackEngines/WindowsStandaloneSupport/UnityEditor.WindowsStandalone.Extensions.dll
Registered in 0.001088 seconds.
Native extension for WindowsStandalone target not found
Refreshing native plugins compatible for Editor in 46.18 ms, found 11 plugins.
Preloading 1 native plugins for Editor in 0.06 ms.
Mono: successfully reloaded assembly
- Completed reload, in  0.732 seconds
Domain Reload Profiling:
	ReloadAssembly (732ms)
		BeginReloadAssembly (41ms)
			ExecutionOrderSort (0ms)
			DisableScriptedObjects (0ms)
			BackupInstance (0ms)
			ReleaseScriptingObjects (0ms)
			CreateAndSetChildDomain (1ms)
		EndReloadAssembly (323ms)
			LoadAssemblies (40ms)
			RebuildTransferFunctionScriptingTraits (0ms)
			SetupTypeCache (110ms)
			ReleaseScriptCaches (0ms)
			RebuildScriptCaches (22ms)
			SetupLoadedEditorAssemblies (140ms)
				LogAssemblyErrors (0ms)
				InitializePlatformSupportModulesInManaged (3ms)
				SetLoadedEditorAssemblies (0ms)
				RefreshPlugins (46ms)
				BeforeProcessingInitializeOnLoad (10ms)
				ProcessInitializeOnLoadAttributes (60ms)
				ProcessInitializeOnLoadMethodAttributes (21ms)
				AfterProcessingInitializeOnLoad (0ms)
				EditorAssembliesLoaded (0ms)
			ExecutionOrderSort2 (0ms)
			AwakeInstancesAfterBackupRestoration (0ms)
Platform modules already initialized, skipping
Registering precompiled user dll's ...
Registered in 0.005030 seconds.
Begin MonoManager ReloadAssembly
Native extension for WindowsStandalone target not found
Refreshing native plugins compatible for Editor in 48.09 ms, found 11 plugins.
Preloading 1 native plugins for Editor in 0.06 ms.
Mono: successfully reloaded assembly
- Completed reload, in  0.887 seconds
Domain Reload Profiling:
	ReloadAssembly (887ms)
		BeginReloadAssembly (109ms)
			ExecutionOrderSort (0ms)
			DisableScriptedObjects (3ms)
			BackupInstance (0ms)
			ReleaseScriptingObjects (0ms)
			CreateAndSetChildDomain (13ms)
		EndReloadAssembly (734ms)
			LoadAssemblies (71ms)
			RebuildTransferFunctionScriptingTraits (0ms)
			SetupTypeCache (240ms)
			ReleaseScriptCaches (0ms)
			RebuildScriptCaches (42ms)
			SetupLoadedEditorAssemblies (282ms)
				LogAssemblyErrors (0ms)
				InitializePlatformSupportModulesInManaged (3ms)
				SetLoadedEditorAssemblies (0ms)
				RefreshPlugins (48ms)
				BeforeProcessingInitializeOnLoad (70ms)
				ProcessInitializeOnLoadAttributes (153ms)
				ProcessInitializeOnLoadMethodAttributes (3ms)
				AfterProcessingInitializeOnLoad (4ms)
				EditorAssembliesLoaded (0ms)
			ExecutionOrderSort2 (0ms)
			AwakeInstancesAfterBackupRestoration (6ms)
Platform modules already initialized, skipping
========================================================================
Worker process is ready to serve import requests
Launched and connected shader compiler UnityShaderCompiler.exe after 0.04 seconds
Refreshing native plugins compatible for Editor in 0.66 ms, found 11 plugins.
Preloading 1 native plugins for Editor in 0.05 ms.
Unloading 3228 Unused Serialized files (Serialized files now loaded: 0)
System memory in use before: 144.9 MB.
System memory in use after: 145.1 MB.

Unloading 21 unused Assets to reduce memory usage. Loaded Objects now: 3669.
Total: 2.507600 ms (FindLiveObjects: 0.234900 ms CreateObjectMapping: 0.124300 ms MarkObjects: 2.095800 ms  DeleteObjects: 0.051900 ms)

AssetImportParameters requested are different than current active one (requested -> active):
  custom:framework-win-MediaFoundation: 216162199b28c13a410421893ffa2e32 -> 
  custom:video-decoder-ogg-theora: a1e56fd34408186e4bbccfd4996cb3dc -> 
  custom:container-muxer-webm: aa71ff27fc2769a1b78a27578f13a17b -> 
  custom:container-demuxer-webm: 4f35f7cbe854078d1ac9338744f61a02 -> 
  custom:container-demuxer-ogg: 62fdf1f143b41e24485cea50d1cbac27 -> 
  custom:video-encoder-webm-vp8: eb34c28f22e8b96e1ab97ce403110664 -> 
  custom:video-decoder-webm-vp8: 9c59270c3fd7afecdb556c50c9e8de78 -> 
  custom:audio-decoder-ogg-vorbis: bf7c407c2cedff20999df2af8eb42d56 -> 
  custom:audio-encoder-webm-vorbis: bf7c407c2cedff20999df2af8eb42d56 -> 
========================================================================
Received Import Request.
  path: Assets/VRTelekinesis/Scripts/Telekinesis.cs
  artifactKey: Guid(08615a14db5eae14c99919386bceebb2) Importer(815301076,1909f56bfc062723c751e8b465ee728b)
Start importing Assets/VRTelekinesis/Scripts/Telekinesis.cs using Guid(08615a14db5eae14c99919386bceebb2) Importer(815301076,1909f56bfc062723c751e8b465ee728b)  -> (artifact id: 'e2363e74f0e6065fdff6c81c8fe976e6') in 0.016782 seconds 
  Import took 0.020424 seconds .

========================================================================
Received Import Request.
  Time since last request: 1.825008 seconds.
  path: Assets/VRTelekinesis/Scripts/Telekinesis1.cs
  artifactKey: Guid(72e4782af7611444e9a76f29b37044dc) Importer(815301076,1909f56bfc062723c751e8b465ee728b)
Start importing Assets/VRTelekinesis/Scripts/Telekinesis1.cs using Guid(72e4782af7611444e9a76f29b37044dc) Importer(815301076,1909f56bfc062723c751e8b465ee728b)  -> (artifact id: '1ea5b274e4942711d5e63f3342846c1d') in 0.005776 seconds 
  Import took 0.009545 seconds .

========================================================================
Received Import Request.
  Time since last request: 77.243230 seconds.
  path: Assets/VRTelekinesis/Scripts/TelekinesisTesting.cs
  artifactKey: Guid(72e4782af7611444e9a76f29b37044dc) Importer(815301076,1909f56bfc062723c751e8b465ee728b)
Start importing Assets/VRTelekinesis/Scripts/TelekinesisTesting.cs using Guid(72e4782af7611444e9a76f29b37044dc) Importer(815301076,1909f56bfc062723c751e8b465ee728b)  -> (artifact id: '73d17ce63b69a637d3d7e9d5ff9370de') in 0.005230 seconds 
  Import took 0.009028 seconds .

========================================================================
Received Import Request.
  Time since last request: 1.291681 seconds.
  path: Assets/VRTelekinesis/Scripts/TelekinesisObject.cs
  artifactKey: Guid(ab30ea4f0fbf04a4e8cf50dfd65d6eb7) Importer(815301076,1909f56bfc062723c751e8b465ee728b)
Start importing Assets/VRTelekinesis/Scripts/TelekinesisObject.cs using Guid(ab30ea4f0fbf04a4e8cf50dfd65d6eb7) Importer(815301076,1909f56bfc062723c751e8b465ee728b)  -> (artifact id: 'b1c610f78aa153beb70fc03cbee15216') in 0.005434 seconds 
  Import took 0.009187 seconds .

========================================================================
Received Import Request.
  Time since last request: 32.347882 seconds.
  path: Assets/VRTelekinesis/Scripts/Telekinesis1.cs
  artifactKey: Guid(4ddb137737fed6c4098497d7c5a27bb1) Importer(815301076,1909f56bfc062723c751e8b465ee728b)
Start importing Assets/VRTelekinesis/Scripts/Telekinesis1.cs using Guid(4ddb137737fed6c4098497d7c5a27bb1) Importer(815301076,1909f56bfc062723c751e8b465ee728b)  -> (artifact id: '4c8f8380192a88f4758f91483e6b3c04') in 0.001967 seconds 
  Import took 0.005905 seconds .

========================================================================
Received Import Request.
  Time since last request: 24.910988 seconds.
  path: Assets/VRTelekinesis/Scripts/TelekinesistTesting.cs
  artifactKey: Guid(4ddb137737fed6c4098497d7c5a27bb1) Importer(815301076,1909f56bfc062723c751e8b465ee728b)
Start importing Assets/VRTelekinesis/Scripts/TelekinesistTesting.cs using Guid(4ddb137737fed6c4098497d7c5a27bb1) Importer(815301076,1909f56bfc062723c751e8b465ee728b)  -> (artifact id: 'b8901c753da2dc482a82471e7e7cc0a9') in 0.005211 seconds 
  Import took 0.009178 seconds .

========================================================================
Received Import Request.
  Time since last request: 28.315127 seconds.
  path: Assets/VRTelekinesis/Scripts/TelekinesisTesting.cs
  artifactKey: Guid(72e4782af7611444e9a76f29b37044dc) Importer(815301076,1909f56bfc062723c751e8b465ee728b)
Start importing Assets/VRTelekinesis/Scripts/TelekinesisTesting.cs using Guid(72e4782af7611444e9a76f29b37044dc) Importer(815301076,1909f56bfc062723c751e8b465ee728b)  -> (artifact id: 'c06baa35246488f64fa4d2831a014d0b') in 0.002172 seconds 
  Import took 0.006224 seconds .

========================================================================
Received Import Request.
  Time since last request: 84.619443 seconds.
  path: Assets/VRTelekinesis/Scripts/TelekinesisTesting.cs
  artifactKey: Guid(72e4782af7611444e9a76f29b37044dc) Importer(815301076,1909f56bfc062723c751e8b465ee728b)
Start importing Assets/VRTelekinesis/Scripts/TelekinesisTesting.cs using Guid(72e4782af7611444e9a76f29b37044dc) Importer(815301076,1909f56bfc062723c751e8b465ee728b)  -> (artifact id: 'b1c1b7ea2332f2fb169db5f44d8b79e6') in 0.002158 seconds 
  Import took 0.006374 seconds .

AssetImportWorkerClient::OnTransportError - code=2 error=End of file
