Using pre-set license
Built from '2020.3/staging' branch; Version is '2020.3.19f1 (68f137dc9bbe) revision 6877495'; Using compiler version '192528614'; Build Type 'Release'
OS: 'Windows 10 Home; OS build 19042.1288; Version 2009; 64bit' Language: 'en' Physical Memory: 16307 MB
BatchMode: 1, IsHumanControllingUs: 0, StartBugReporterOnCrash: 0, Is64bit: 1, IsPro: 0

COMMAND LINE ARGUMENTS:
C:\Program Files\Unity\Hub\Editor\2020.3.19f1\Editor\Unity.exe
-adb2
-batchMode
-noUpm
-name
AssetImportWorker0
-projectPath
C:/Users/nm363/OneDrive/Documents/GitHub/Group10/MED 710 URP
-logFile
Logs/AssetImportWorker0.log
-srvPort
52639
Successfully changed project path to: C:/Users/nm363/OneDrive/Documents/GitHub/Group10/MED 710 URP
C:/Users/nm363/OneDrive/Documents/GitHub/Group10/MED 710 URP
Using Asset Import Pipeline V2.
Refreshing native plugins compatible for Editor in 75.81 ms, found 11 plugins.
Preloading 1 native plugins for Editor in 1.46 ms.
Initialize engine version: 2020.3.19f1 (68f137dc9bbe)
[Subsystems] Discovering subsystems at path C:/Program Files/Unity/Hub/Editor/2020.3.19f1/Editor/Data/Resources/UnitySubsystems
[Subsystems] Discovering subsystems at path C:/Users/nm363/OneDrive/Documents/GitHub/Group10/MED 710 URP/Assets
GfxDevice: creating device client; threaded=0
Direct3D:
    Version:  Direct3D 11.0 [level 11.1]
    Renderer: NVIDIA GeForce RTX 2060 (ID=0x1f08)
    Vendor:   
    VRAM:     5980 MB
    Driver:   27.21.14.5671
Initialize mono
Mono path[0] = 'C:/Program Files/Unity/Hub/Editor/2020.3.19f1/Editor/Data/Managed'
Mono path[1] = 'C:/Program Files/Unity/Hub/Editor/2020.3.19f1/Editor/Data/MonoBleedingEdge/lib/mono/unityjit'
Mono config path = 'C:/Program Files/Unity/Hub/Editor/2020.3.19f1/Editor/Data/MonoBleedingEdge/etc'
Using monoOptions --debugger-agent=transport=dt_socket,embedding=1,server=y,suspend=n,address=127.0.0.1:56652
Begin MonoManager ReloadAssembly
Registering precompiled unity dll's ...
Register platform support module: C:/Program Files/Unity/Hub/Editor/2020.3.19f1/Editor/Data/PlaybackEngines/WindowsStandaloneSupport/UnityEditor.WindowsStandalone.Extensions.dll
Registered in 0.002261 seconds.
Native extension for WindowsStandalone target not found
Refreshing native plugins compatible for Editor in 61.74 ms, found 11 plugins.
Preloading 1 native plugins for Editor in 0.12 ms.
Mono: successfully reloaded assembly
- Completed reload, in  1.848 seconds
Domain Reload Profiling:
	ReloadAssembly (1848ms)
		BeginReloadAssembly (60ms)
			ExecutionOrderSort (0ms)
			DisableScriptedObjects (0ms)
			BackupInstance (0ms)
			ReleaseScriptingObjects (0ms)
			CreateAndSetChildDomain (1ms)
		EndReloadAssembly (442ms)
			LoadAssemblies (57ms)
			RebuildTransferFunctionScriptingTraits (0ms)
			SetupTypeCache (157ms)
			ReleaseScriptCaches (0ms)
			RebuildScriptCaches (28ms)
			SetupLoadedEditorAssemblies (190ms)
				LogAssemblyErrors (0ms)
				InitializePlatformSupportModulesInManaged (4ms)
				SetLoadedEditorAssemblies (0ms)
				RefreshPlugins (62ms)
				BeforeProcessingInitializeOnLoad (17ms)
				ProcessInitializeOnLoadAttributes (80ms)
				ProcessInitializeOnLoadMethodAttributes (26ms)
				AfterProcessingInitializeOnLoad (0ms)
				EditorAssembliesLoaded (0ms)
			ExecutionOrderSort2 (0ms)
			AwakeInstancesAfterBackupRestoration (0ms)
Platform modules already initialized, skipping
Registering precompiled user dll's ...
Registered in 0.009253 seconds.
Begin MonoManager ReloadAssembly
Native extension for WindowsStandalone target not found
Refreshing native plugins compatible for Editor in 60.09 ms, found 11 plugins.
Preloading 1 native plugins for Editor in 0.12 ms.
Mono: successfully reloaded assembly
- Completed reload, in  1.133 seconds
Domain Reload Profiling:
	ReloadAssembly (1134ms)
		BeginReloadAssembly (140ms)
			ExecutionOrderSort (0ms)
			DisableScriptedObjects (4ms)
			BackupInstance (0ms)
			ReleaseScriptingObjects (0ms)
			CreateAndSetChildDomain (18ms)
		EndReloadAssembly (937ms)
			LoadAssemblies (101ms)
			RebuildTransferFunctionScriptingTraits (0ms)
			SetupTypeCache (311ms)
			ReleaseScriptCaches (1ms)
			RebuildScriptCaches (50ms)
			SetupLoadedEditorAssemblies (357ms)
				LogAssemblyErrors (0ms)
				InitializePlatformSupportModulesInManaged (4ms)
				SetLoadedEditorAssemblies (0ms)
				RefreshPlugins (60ms)
				BeforeProcessingInitializeOnLoad (92ms)
				ProcessInitializeOnLoadAttributes (189ms)
				ProcessInitializeOnLoadMethodAttributes (4ms)
				AfterProcessingInitializeOnLoad (7ms)
				EditorAssembliesLoaded (0ms)
			ExecutionOrderSort2 (0ms)
			AwakeInstancesAfterBackupRestoration (6ms)
Platform modules already initialized, skipping
========================================================================
Worker process is ready to serve import requests
Launched and connected shader compiler UnityShaderCompiler.exe after 0.06 seconds
Refreshing native plugins compatible for Editor in 0.87 ms, found 11 plugins.
Preloading 1 native plugins for Editor in 0.08 ms.
Unloading 3230 Unused Serialized files (Serialized files now loaded: 0)
System memory in use before: 237.3 MB.
System memory in use after: 237.5 MB.

Unloading 20 unused Assets to reduce memory usage. Loaded Objects now: 3696.
Total: 3.605000 ms (FindLiveObjects: 0.538000 ms CreateObjectMapping: 0.231800 ms MarkObjects: 2.804700 ms  DeleteObjects: 0.029500 ms)

AssetImportParameters requested are different than current active one (requested -> active):
  custom:framework-win-MediaFoundation: 216162199b28c13a410421893ffa2e32 -> 
  custom:video-decoder-ogg-theora: a1e56fd34408186e4bbccfd4996cb3dc -> 
  custom:container-muxer-webm: aa71ff27fc2769a1b78a27578f13a17b -> 
  custom:container-demuxer-webm: 4f35f7cbe854078d1ac9338744f61a02 -> 
  custom:container-demuxer-ogg: 62fdf1f143b41e24485cea50d1cbac27 -> 
  custom:video-encoder-webm-vp8: eb34c28f22e8b96e1ab97ce403110664 -> 
  custom:video-decoder-webm-vp8: 9c59270c3fd7afecdb556c50c9e8de78 -> 
  custom:audio-decoder-ogg-vorbis: bf7c407c2cedff20999df2af8eb42d56 -> 
  custom:audio-encoder-webm-vorbis: bf7c407c2cedff20999df2af8eb42d56 -> 
========================================================================
Received Import Request.
  path: Assets/Samples/Terrain Tools/0.1.0-preview/Terrain Assets/BrushTextures/mountain03.tif
  artifactKey: Guid(eb8981774e4509b4ba09dcceaf8814d1) Importer(815301076,1909f56bfc062723c751e8b465ee728b)
Start importing Assets/Samples/Terrain Tools/0.1.0-preview/Terrain Assets/BrushTextures/mountain03.tif using Guid(eb8981774e4509b4ba09dcceaf8814d1) Importer(815301076,1909f56bfc062723c751e8b465ee728b)  -> (artifact id: '1f17c9648225e83a2fbf09f4586d9381') in 0.065404 seconds 
  Import took 0.070101 seconds .

========================================================================
Received Import Request.
  Time since last request: 0.000186 seconds.
  path: Assets/Samples/Terrain Tools/0.1.0-preview/Terrain Assets/BrushTextures/mountain08.tif
  artifactKey: Guid(d5428cdc2df49fc4a9aa5bbbcfcfe0e0) Importer(815301076,1909f56bfc062723c751e8b465ee728b)
Start importing Assets/Samples/Terrain Tools/0.1.0-preview/Terrain Assets/BrushTextures/mountain08.tif using Guid(d5428cdc2df49fc4a9aa5bbbcfcfe0e0) Importer(815301076,1909f56bfc062723c751e8b465ee728b)  -> (artifact id: '49d4fdd04e863df23f94f379a085250f') in 0.026785 seconds 
  Import took 0.032402 seconds .

========================================================================
Received Import Request.
  Time since last request: 0.000177 seconds.
  path: Assets/Samples/Terrain Tools/0.1.0-preview/Terrain Assets/BrushTextures/canyon03.tif
  artifactKey: Guid(00e07f21ff32c094ea64f6753fb3b542) Importer(815301076,1909f56bfc062723c751e8b465ee728b)
Start importing Assets/Samples/Terrain Tools/0.1.0-preview/Terrain Assets/BrushTextures/canyon03.tif using Guid(00e07f21ff32c094ea64f6753fb3b542) Importer(815301076,1909f56bfc062723c751e8b465ee728b)  -> (artifact id: '392247fd0077ec77413ebd1536b31605') in 0.015574 seconds 
  Import took 0.021755 seconds .

========================================================================
Received Import Request.
  Time since last request: 0.000532 seconds.
  path: Assets/Samples/Terrain Tools/0.1.0-preview/Terrain Assets/BrushTextures/canyon04.tif
  artifactKey: Guid(fd3a283142a57bd4aa8029f5e0705fc5) Importer(815301076,1909f56bfc062723c751e8b465ee728b)
Start importing Assets/Samples/Terrain Tools/0.1.0-preview/Terrain Assets/BrushTextures/canyon04.tif using Guid(fd3a283142a57bd4aa8029f5e0705fc5) Importer(815301076,1909f56bfc062723c751e8b465ee728b)  -> (artifact id: 'f0b44287e62d3f324892503e4d652c0a') in 0.014060 seconds 
  Import took 0.019597 seconds .

========================================================================
Received Import Request.
  Time since last request: 0.000158 seconds.
  path: Assets/Samples/Terrain Tools/0.1.0-preview/Terrain Assets/BrushTextures/mountain07.tif
  artifactKey: Guid(ce420f179549a9c4f9a08a26260e8d18) Importer(815301076,1909f56bfc062723c751e8b465ee728b)
Start importing Assets/Samples/Terrain Tools/0.1.0-preview/Terrain Assets/BrushTextures/mountain07.tif using Guid(ce420f179549a9c4f9a08a26260e8d18) Importer(815301076,1909f56bfc062723c751e8b465ee728b)  -> (artifact id: '2cf629dc75b2009330007721baa114b9') in 0.017771 seconds 
  Import took 0.023538 seconds .

========================================================================
Received Import Request.
  Time since last request: 0.000167 seconds.
  path: Assets/Samples/Terrain Tools/0.1.0-preview/Terrain Assets/BrushTextures/canyon02.tif
  artifactKey: Guid(4fe4d3241d435594b82a72af96e4052d) Importer(815301076,1909f56bfc062723c751e8b465ee728b)
Start importing Assets/Samples/Terrain Tools/0.1.0-preview/Terrain Assets/BrushTextures/canyon02.tif using Guid(4fe4d3241d435594b82a72af96e4052d) Importer(815301076,1909f56bfc062723c751e8b465ee728b)  -> (artifact id: '05fee7be39989f5bfa03a48a5056a67c') in 0.014142 seconds 
  Import took 0.019729 seconds .

========================================================================
Received Import Request.
  Time since last request: 0.000174 seconds.
  path: Assets/Samples/Terrain Tools/0.1.0-preview/Terrain Assets/BrushTextures/flat_mountain01.tif
  artifactKey: Guid(d2a704d1b2d8ad948aab36a028a684b5) Importer(815301076,1909f56bfc062723c751e8b465ee728b)
Start importing Assets/Samples/Terrain Tools/0.1.0-preview/Terrain Assets/BrushTextures/flat_mountain01.tif using Guid(d2a704d1b2d8ad948aab36a028a684b5) Importer(815301076,1909f56bfc062723c751e8b465ee728b)  -> (artifact id: '0caed7d8ffd7f6ce405159fe0033760e') in 0.017023 seconds 
  Import took 0.023288 seconds .

========================================================================
Received Import Request.
  Time since last request: 0.000151 seconds.
  path: Assets/Samples/Terrain Tools/0.1.0-preview/Terrain Assets/BrushTextures/canyon01.tif
  artifactKey: Guid(903360ef543b50449ae74931c4fddc2c) Importer(815301076,1909f56bfc062723c751e8b465ee728b)
Start importing Assets/Samples/Terrain Tools/0.1.0-preview/Terrain Assets/BrushTextures/canyon01.tif using Guid(903360ef543b50449ae74931c4fddc2c) Importer(815301076,1909f56bfc062723c751e8b465ee728b)  -> (artifact id: 'dd824914fec51549b73fdb371f028136') in 0.013350 seconds 
  Import took 0.020781 seconds .

========================================================================
Received Import Request.
  Time since last request: 0.000173 seconds.
  path: Assets/Samples/Terrain Tools/0.1.0-preview/Terrain Assets/BrushTextures/plateau01.tif
  artifactKey: Guid(626e11c44313fda43a6979c9a04cd12e) Importer(815301076,1909f56bfc062723c751e8b465ee728b)
Start importing Assets/Samples/Terrain Tools/0.1.0-preview/Terrain Assets/BrushTextures/plateau01.tif using Guid(626e11c44313fda43a6979c9a04cd12e) Importer(815301076,1909f56bfc062723c751e8b465ee728b)  -> (artifact id: '69e864a714f9ae8aae9a9d4473127ffa') in 0.013336 seconds 
  Import took 0.019238 seconds .

========================================================================
Received Import Request.
  Time since last request: 0.000162 seconds.
  path: Assets/Samples/Terrain Tools/0.1.0-preview/Terrain Assets/BrushTextures/mountain04.tif
  artifactKey: Guid(a1f4f845b9208d64a95cc6177a9b2abc) Importer(815301076,1909f56bfc062723c751e8b465ee728b)
Start importing Assets/Samples/Terrain Tools/0.1.0-preview/Terrain Assets/BrushTextures/mountain04.tif using Guid(a1f4f845b9208d64a95cc6177a9b2abc) Importer(815301076,1909f56bfc062723c751e8b465ee728b)  -> (artifact id: 'd8e845bf7d6bffa6bd022ed62560af62') in 0.016970 seconds 
  Import took 0.022980 seconds .

========================================================================
Received Import Request.
  Time since last request: 0.000155 seconds.
  path: Assets/Samples/Terrain Tools/0.1.0-preview/Terrain Assets/BrushTextures/cracked_earth01.tif
  artifactKey: Guid(fc6089e3bffbdc9489980dbed57a64f6) Importer(815301076,1909f56bfc062723c751e8b465ee728b)
Start importing Assets/Samples/Terrain Tools/0.1.0-preview/Terrain Assets/BrushTextures/cracked_earth01.tif using Guid(fc6089e3bffbdc9489980dbed57a64f6) Importer(815301076,1909f56bfc062723c751e8b465ee728b)  -> (artifact id: '39773561dc030be176d77d2b06296990') in 0.013326 seconds 
  Import took 0.019018 seconds .

========================================================================
Received Import Request.
  Time since last request: 0.000173 seconds.
  path: Assets/Samples/Terrain Tools/0.1.0-preview/Terrain Assets/BrushTextures/island01.tif
  artifactKey: Guid(043a3cc82df9fb94aba4f90d2009efc7) Importer(815301076,1909f56bfc062723c751e8b465ee728b)
Start importing Assets/Samples/Terrain Tools/0.1.0-preview/Terrain Assets/BrushTextures/island01.tif using Guid(043a3cc82df9fb94aba4f90d2009efc7) Importer(815301076,1909f56bfc062723c751e8b465ee728b)  -> (artifact id: 'd3f7f247eed5f1a7f6d8ea3e0758b438') in 0.012885 seconds 
  Import took 0.019027 seconds .

========================================================================
Received Import Request.
  Time since last request: 0.000175 seconds.
  path: Assets/Samples/Terrain Tools/0.1.0-preview/Terrain Assets/TerrainTextures/moss_mask.tif
  artifactKey: Guid(ff77b812a1621e74694371cb173618ef) Importer(815301076,1909f56bfc062723c751e8b465ee728b)
Start importing Assets/Samples/Terrain Tools/0.1.0-preview/Terrain Assets/TerrainTextures/moss_mask.tif using Guid(ff77b812a1621e74694371cb173618ef) Importer(815301076,1909f56bfc062723c751e8b465ee728b)  -> (artifact id: '3a3372287ac31be4e1bc3a78c7a8f3ac') in 0.014684 seconds 
  Import took 0.020174 seconds .

========================================================================
Received Import Request.
  Time since last request: 0.000172 seconds.
  path: Assets/Samples/Terrain Tools/0.1.0-preview/Terrain Assets/BrushTextures/clouds.tif
  artifactKey: Guid(791ebe8a3d329b34ca7dc4616ec3cd34) Importer(815301076,1909f56bfc062723c751e8b465ee728b)
Start importing Assets/Samples/Terrain Tools/0.1.0-preview/Terrain Assets/BrushTextures/clouds.tif using Guid(791ebe8a3d329b34ca7dc4616ec3cd34) Importer(815301076,1909f56bfc062723c751e8b465ee728b)  -> (artifact id: 'efa3ece66484b85182e450ac4543ce4a') in 0.012142 seconds 
  Import took 0.017862 seconds .

========================================================================
Received Import Request.
  Time since last request: 0.000172 seconds.
  path: Assets/Samples/Terrain Tools/0.1.0-preview/Terrain Assets/TerrainTextures/dirt_mask.tif
  artifactKey: Guid(3c6d7b80bcc59ae448166eacd4ad79b0) Importer(815301076,1909f56bfc062723c751e8b465ee728b)
Start importing Assets/Samples/Terrain Tools/0.1.0-preview/Terrain Assets/TerrainTextures/dirt_mask.tif using Guid(3c6d7b80bcc59ae448166eacd4ad79b0) Importer(815301076,1909f56bfc062723c751e8b465ee728b)  -> (artifact id: '9e99a933f890f38447b328d824801911') in 0.016072 seconds 
  Import took 0.021298 seconds .

========================================================================
Received Import Request.
  Time since last request: 0.000324 seconds.
  path: Assets/environment/Texture/Terrin/NewLayer.terrainlayer
  artifactKey: Guid(261fe796db888814088113ebfc504913) Importer(815301076,1909f56bfc062723c751e8b465ee728b)
Start importing Assets/environment/Texture/Terrin/NewLayer.terrainlayer using Guid(261fe796db888814088113ebfc504913) Importer(815301076,1909f56bfc062723c751e8b465ee728b)  -> (artifact id: '12fd2c9e7d6f5ad4813490225a03abcc') in 0.043827 seconds 
  Import took 0.050553 seconds .

========================================================================
Received Import Request.
  Time since last request: 0.000159 seconds.
  path: Assets/Samples/Terrain Tools/0.1.0-preview/Terrain Assets/BrushTextures/mountain02.tif
  artifactKey: Guid(5b7433cfa322cdb4ba853ecd73127975) Importer(815301076,1909f56bfc062723c751e8b465ee728b)
Start importing Assets/Samples/Terrain Tools/0.1.0-preview/Terrain Assets/BrushTextures/mountain02.tif using Guid(5b7433cfa322cdb4ba853ecd73127975) Importer(815301076,1909f56bfc062723c751e8b465ee728b)  -> (artifact id: '31c4cec4ed18a7ee8ad46ba8fd344132') in 0.016390 seconds 
  Import took 0.022592 seconds .

========================================================================
Received Import Request.
  Time since last request: 0.000166 seconds.
  path: Assets/Samples/Terrain Tools/0.1.0-preview/Terrain Assets/BrushTextures/errosion01.tif
  artifactKey: Guid(228af47692a8c7c49b93049646ac6c46) Importer(815301076,1909f56bfc062723c751e8b465ee728b)
Start importing Assets/Samples/Terrain Tools/0.1.0-preview/Terrain Assets/BrushTextures/errosion01.tif using Guid(228af47692a8c7c49b93049646ac6c46) Importer(815301076,1909f56bfc062723c751e8b465ee728b)  -> (artifact id: 'de8bbfc7e5ac99756b7e9bc2d7533922') in 0.020382 seconds 
  Import took 0.025963 seconds .

========================================================================
Received Import Request.
  Time since last request: 0.000162 seconds.
  path: Assets/Samples/Terrain Tools/0.1.0-preview/Terrain Assets/TerrainTextures/dirt_normal.tif
  artifactKey: Guid(1ff4687a05ada474ca7eaf3010a871f6) Importer(815301076,1909f56bfc062723c751e8b465ee728b)
Start importing Assets/Samples/Terrain Tools/0.1.0-preview/Terrain Assets/TerrainTextures/dirt_normal.tif using Guid(1ff4687a05ada474ca7eaf3010a871f6) Importer(815301076,1909f56bfc062723c751e8b465ee728b)  -> (artifact id: '77b9607c8a721b1169f69f025183df5c') in 0.019439 seconds 
  Import took 0.025388 seconds .

========================================================================
Received Import Request.
  Time since last request: 0.000160 seconds.
  path: Assets/Samples/Terrain Tools/0.1.0-preview/Terrain Assets/BrushTextures/errosion02.tif
  artifactKey: Guid(8d909223d66b7cd4d9719d37ee403dff) Importer(815301076,1909f56bfc062723c751e8b465ee728b)
Start importing Assets/Samples/Terrain Tools/0.1.0-preview/Terrain Assets/BrushTextures/errosion02.tif using Guid(8d909223d66b7cd4d9719d37ee403dff) Importer(815301076,1909f56bfc062723c751e8b465ee728b)  -> (artifact id: '25a04b30b33447875ca9a0e2b72862c0') in 0.018467 seconds 
  Import took 0.024100 seconds .

========================================================================
Received Import Request.
  Time since last request: 0.000195 seconds.
  path: Assets/Samples/Terrain Tools/0.1.0-preview/Terrain Assets/TerrainTextures/dirt_albedo.tif
  artifactKey: Guid(7f3df385222f5b1428f6a156037deb5e) Importer(815301076,1909f56bfc062723c751e8b465ee728b)
Start importing Assets/Samples/Terrain Tools/0.1.0-preview/Terrain Assets/TerrainTextures/dirt_albedo.tif using Guid(7f3df385222f5b1428f6a156037deb5e) Importer(815301076,1909f56bfc062723c751e8b465ee728b)  -> (artifact id: '82563204de7af8a2c6f3815038e2548d') in 0.014564 seconds 
  Import took 0.020471 seconds .

========================================================================
Received Import Request.
  Time since last request: 0.000160 seconds.
  path: Assets/Samples/Terrain Tools/0.1.0-preview/Terrain Assets/TerrainTextures/moss_normal.tif
  artifactKey: Guid(67a70a78d678fb649b5c703cd7dc85c1) Importer(815301076,1909f56bfc062723c751e8b465ee728b)
Start importing Assets/Samples/Terrain Tools/0.1.0-preview/Terrain Assets/TerrainTextures/moss_normal.tif using Guid(67a70a78d678fb649b5c703cd7dc85c1) Importer(815301076,1909f56bfc062723c751e8b465ee728b)  -> (artifact id: '71e8e8a7dcc813edfa0bb5e62b4e41cf') in 0.017208 seconds 
  Import took 0.024363 seconds .

========================================================================
Received Import Request.
  Time since last request: 0.000168 seconds.
  path: Assets/Samples/Terrain Tools/0.1.0-preview/Terrain Assets/TerrainTextures/moss_albedo.tif
  artifactKey: Guid(43b54d39e0a4c4d47bef645abec127f1) Importer(815301076,1909f56bfc062723c751e8b465ee728b)
Start importing Assets/Samples/Terrain Tools/0.1.0-preview/Terrain Assets/TerrainTextures/moss_albedo.tif using Guid(43b54d39e0a4c4d47bef645abec127f1) Importer(815301076,1909f56bfc062723c751e8b465ee728b)  -> (artifact id: '71e3fee90b823f7808196419b471b367') in 0.014385 seconds 
  Import took 0.019613 seconds .

========================================================================
Received Import Request.
  Time since last request: 0.000179 seconds.
  path: Assets/Samples/Terrain Tools/0.1.0-preview/Terrain Assets/BrushTextures/mountain05.tif
  artifactKey: Guid(59cf4095c6c8e0f488ebe12abd1e569a) Importer(815301076,1909f56bfc062723c751e8b465ee728b)
Start importing Assets/Samples/Terrain Tools/0.1.0-preview/Terrain Assets/BrushTextures/mountain05.tif using Guid(59cf4095c6c8e0f488ebe12abd1e569a) Importer(815301076,1909f56bfc062723c751e8b465ee728b)  -> (artifact id: '66dc6a8b72edb57078fbf8e5b1f86e8a') in 0.018051 seconds 
  Import took 0.023482 seconds .

========================================================================
Received Import Request.
  Time since last request: 0.000168 seconds.
  path: Assets/Samples/Terrain Tools/0.1.0-preview/Terrain Assets/BrushTextures/mountain06.tif
  artifactKey: Guid(b44a453c2397af74cb81885989043518) Importer(815301076,1909f56bfc062723c751e8b465ee728b)
Start importing Assets/Samples/Terrain Tools/0.1.0-preview/Terrain Assets/BrushTextures/mountain06.tif using Guid(b44a453c2397af74cb81885989043518) Importer(815301076,1909f56bfc062723c751e8b465ee728b)  -> (artifact id: '838f91de3742b17a5bf2cab557415b42') in 0.012980 seconds 
  Import took 0.019588 seconds .

========================================================================
Received Import Request.
  Time since last request: 0.000176 seconds.
  path: Assets/Samples/Terrain Tools/0.1.0-preview/Terrain Assets/BrushTextures/cracked_earth02.tif
  artifactKey: Guid(ce389a44803b703498159190bc7d48af) Importer(815301076,1909f56bfc062723c751e8b465ee728b)
Start importing Assets/Samples/Terrain Tools/0.1.0-preview/Terrain Assets/BrushTextures/cracked_earth02.tif using Guid(ce389a44803b703498159190bc7d48af) Importer(815301076,1909f56bfc062723c751e8b465ee728b)  -> (artifact id: '075acc277278ffb518f81cf5395982c0') in 0.013836 seconds 
  Import took 0.019176 seconds .

========================================================================
Received Import Request.
  Time since last request: 0.000164 seconds.
  path: Assets/Samples/Terrain Tools/0.1.0-preview/Terrain Assets/BrushTextures/canyon05.tif
  artifactKey: Guid(3771b24b1afb4bd4d86e3ba795b65a32) Importer(815301076,1909f56bfc062723c751e8b465ee728b)
Start importing Assets/Samples/Terrain Tools/0.1.0-preview/Terrain Assets/BrushTextures/canyon05.tif using Guid(3771b24b1afb4bd4d86e3ba795b65a32) Importer(815301076,1909f56bfc062723c751e8b465ee728b)  -> (artifact id: '903ba2b51b663ee8f68b58985c6bd1b4') in 0.020604 seconds 
  Import took 0.029235 seconds .

========================================================================
Received Import Request.
  Time since last request: 0.000151 seconds.
  path: Assets/Samples/Terrain Tools/0.1.0-preview/Terrain Assets/BrushTextures/mountain01.tif
  artifactKey: Guid(6cfb129191988d84eafe31848415a233) Importer(815301076,1909f56bfc062723c751e8b465ee728b)
Start importing Assets/Samples/Terrain Tools/0.1.0-preview/Terrain Assets/BrushTextures/mountain01.tif using Guid(6cfb129191988d84eafe31848415a233) Importer(815301076,1909f56bfc062723c751e8b465ee728b)  -> (artifact id: '5bd0c1dbbf91a96424a22f42f12467ef') in 0.016454 seconds 
  Import took 0.022808 seconds .

========================================================================
Received Import Request.
  Time since last request: 228.299331 seconds.
  path: Assets/environment/Models/Japan.fbx
  artifactKey: Guid(7db3d9df1671a6a43a3411f990738915) Importer(815301076,1909f56bfc062723c751e8b465ee728b)
Start importing Assets/environment/Models/Japan.fbx using Guid(7db3d9df1671a6a43a3411f990738915) Importer(815301076,1909f56bfc062723c751e8b465ee728b)  -> (artifact id: '2674aadfb9d9cca7784a51079037dc24') in 0.016382 seconds 
  Import took 0.022835 seconds .

========================================================================
Received Import Request.
  Time since last request: 45.527624 seconds.
  path: Assets/environment/Models/Japan.fbx
  artifactKey: Guid(7db3d9df1671a6a43a3411f990738915) Importer(815301076,1909f56bfc062723c751e8b465ee728b)
Start importing Assets/environment/Models/Japan.fbx using Guid(7db3d9df1671a6a43a3411f990738915) Importer(815301076,1909f56bfc062723c751e8b465ee728b)  -> (artifact id: '154327d6628805afecca063b03d188e9') in 0.678114 seconds 
  Import took 0.687635 seconds .

========================================================================
Received Import Request.
  Time since last request: 55.926845 seconds.
  path: Assets/environment/Models/Japan.fbx
  artifactKey: Guid(7db3d9df1671a6a43a3411f990738915) Importer(815301076,1909f56bfc062723c751e8b465ee728b)
Start importing Assets/environment/Models/Japan.fbx using Guid(7db3d9df1671a6a43a3411f990738915) Importer(815301076,1909f56bfc062723c751e8b465ee728b)  -> (artifact id: '007a9400dceac53d2f9525f1f6d81c4d') in 0.365570 seconds 
  Import took 0.374409 seconds .

========================================================================
Received Import Request.
  Time since last request: 5.888020 seconds.
  path: Assets/environment/Models/Materials/000000.mat
  artifactKey: Guid(4241d3de432af3741abe10702e0ee6c9) Importer(815301076,1909f56bfc062723c751e8b465ee728b)
Start importing Assets/environment/Models/Materials/000000.mat using Guid(4241d3de432af3741abe10702e0ee6c9) Importer(815301076,1909f56bfc062723c751e8b465ee728b)  -> (artifact id: '4572d94fd56a525609266c283ffdae3c') in 0.016142 seconds 
  Import took 0.021777 seconds .

========================================================================
Received Import Request.
  Time since last request: 0.000206 seconds.
  path: Assets/environment/Models/Materials/roads_primary.mat
  artifactKey: Guid(28115bdadc6ff3644a41c1819a571470) Importer(815301076,1909f56bfc062723c751e8b465ee728b)
Start importing Assets/environment/Models/Materials/roads_primary.mat using Guid(28115bdadc6ff3644a41c1819a571470) Importer(815301076,1909f56bfc062723c751e8b465ee728b)  -> (artifact id: '8e2b7944a2fbbcf85019cc7484c48c9b') in 0.014140 seconds 
  Import took 0.020012 seconds .

========================================================================
Received Import Request.
  Time since last request: 0.000241 seconds.
  path: Assets/environment/Models/Materials/roads_service.mat
  artifactKey: Guid(87f5e3096a8490749ae1be2a6f4adec4) Importer(815301076,1909f56bfc062723c751e8b465ee728b)
Start importing Assets/environment/Models/Materials/roads_service.mat using Guid(87f5e3096a8490749ae1be2a6f4adec4) Importer(815301076,1909f56bfc062723c751e8b465ee728b)  -> (artifact id: 'eac7bcf62233bfcb008e9ec5cd4a15e3') in 0.016357 seconds 
  Import took 0.021993 seconds .

========================================================================
Received Import Request.
  Time since last request: 0.000173 seconds.
  path: Assets/environment/Models/Materials/gray.mat
  artifactKey: Guid(bb711a0e9a1e9d142aa4e6de96cc09fb) Importer(815301076,1909f56bfc062723c751e8b465ee728b)
Start importing Assets/environment/Models/Materials/gray.mat using Guid(bb711a0e9a1e9d142aa4e6de96cc09fb) Importer(815301076,1909f56bfc062723c751e8b465ee728b)  -> (artifact id: '2f0284c56316b1eaf73dee822b88dc1a') in 0.014696 seconds 
  Import took 0.020175 seconds .

========================================================================
Received Import Request.
  Time since last request: 0.000173 seconds.
  path: Assets/environment/Models/Materials/5c4f4f.mat
  artifactKey: Guid(a1feac34cae53a1458d9127630460315) Importer(815301076,1909f56bfc062723c751e8b465ee728b)
Start importing Assets/environment/Models/Materials/5c4f4f.mat using Guid(a1feac34cae53a1458d9127630460315) Importer(815301076,1909f56bfc062723c751e8b465ee728b)  -> (artifact id: '874cdbbc49d05ca6d4ca2f981097aeb8') in 0.013263 seconds 
  Import took 0.019629 seconds .

========================================================================
Received Import Request.
  Time since last request: 0.000179 seconds.
  path: Assets/environment/Models/Materials/buildings.mat
  artifactKey: Guid(bcaf15688f2426243ad769921e914343) Importer(815301076,1909f56bfc062723c751e8b465ee728b)
Start importing Assets/environment/Models/Materials/buildings.mat using Guid(bcaf15688f2426243ad769921e914343) Importer(815301076,1909f56bfc062723c751e8b465ee728b)  -> (artifact id: '35281935da17240b0542190ad9fb0715') in 0.016616 seconds 
  Import took 0.022040 seconds .

========================================================================
Received Import Request.
  Time since last request: 0.000202 seconds.
  path: Assets/environment/Models/Materials/ffffff.mat
  artifactKey: Guid(1e10836cbedf7ae4a9461d1ccff1339c) Importer(815301076,1909f56bfc062723c751e8b465ee728b)
Start importing Assets/environment/Models/Materials/ffffff.mat using Guid(1e10836cbedf7ae4a9461d1ccff1339c) Importer(815301076,1909f56bfc062723c751e8b465ee728b)  -> (artifact id: 'a47f6c9bce69ef19b6d4ec5218d0edfc') in 0.014050 seconds 
  Import took 0.019382 seconds .

========================================================================
Received Import Request.
  Time since last request: 0.000192 seconds.
  path: Assets/environment/Models/Materials/ffff00.mat
  artifactKey: Guid(04e8cbb6d99a3ff4aa2f901c4c442ba5) Importer(815301076,1909f56bfc062723c751e8b465ee728b)
Start importing Assets/environment/Models/Materials/ffff00.mat using Guid(04e8cbb6d99a3ff4aa2f901c4c442ba5) Importer(815301076,1909f56bfc062723c751e8b465ee728b)  -> (artifact id: '744c9b41f52f151fc0154e634bb79e8b') in 0.013911 seconds 
  Import took 0.020384 seconds .

========================================================================
Received Import Request.
  Time since last request: 0.000171 seconds.
  path: Assets/environment/Models/Materials/forest.mat
  artifactKey: Guid(db2f196160695c8449d4d783e486f918) Importer(815301076,1909f56bfc062723c751e8b465ee728b)
Start importing Assets/environment/Models/Materials/forest.mat using Guid(db2f196160695c8449d4d783e486f918) Importer(815301076,1909f56bfc062723c751e8b465ee728b)  -> (artifact id: '905ccfe608df8ee4f45dafdddf31d0bc') in 0.014786 seconds 
  Import took 0.020674 seconds .

========================================================================
Received Import Request.
  Time since last request: 0.000189 seconds.
  path: Assets/environment/Models/Materials/roads_residential.mat
  artifactKey: Guid(58de206f84e4ac448899ad6ee53addf8) Importer(815301076,1909f56bfc062723c751e8b465ee728b)
Start importing Assets/environment/Models/Materials/roads_residential.mat using Guid(58de206f84e4ac448899ad6ee53addf8) Importer(815301076,1909f56bfc062723c751e8b465ee728b)  -> (artifact id: '7c3ce189ff91b7b7d664c700a771900c') in 0.014837 seconds 
  Import took 0.020597 seconds .

========================================================================
Received Import Request.
  Time since last request: 0.000165 seconds.
  path: Assets/environment/Models/Materials/vegetation.mat
  artifactKey: Guid(701fd92429382e9458ce435c803a12cd) Importer(815301076,1909f56bfc062723c751e8b465ee728b)
Start importing Assets/environment/Models/Materials/vegetation.mat using Guid(701fd92429382e9458ce435c803a12cd) Importer(815301076,1909f56bfc062723c751e8b465ee728b)  -> (artifact id: '5e5a3abc0c4db67719d7ccf2dc8f6fda') in 0.015484 seconds 
  Import took 0.021940 seconds .

========================================================================
Received Import Request.
  Time since last request: 0.000163 seconds.
  path: Assets/environment/Models/Materials/white.mat
  artifactKey: Guid(4bfe4e884f11394448c226287c061862) Importer(815301076,1909f56bfc062723c751e8b465ee728b)
Start importing Assets/environment/Models/Materials/white.mat using Guid(4bfe4e884f11394448c226287c061862) Importer(815301076,1909f56bfc062723c751e8b465ee728b)  -> (artifact id: '1ed00f4ce2a8f394d2a8c1b4b52e579a') in 0.014859 seconds 
  Import took 0.020776 seconds .

========================================================================
Received Import Request.
  Time since last request: 0.000155 seconds.
  path: Assets/environment/Models/Materials/roads_pedestrian.mat
  artifactKey: Guid(135f4bae2e4072342b1bd19201901337) Importer(815301076,1909f56bfc062723c751e8b465ee728b)
Start importing Assets/environment/Models/Materials/roads_pedestrian.mat using Guid(135f4bae2e4072342b1bd19201901337) Importer(815301076,1909f56bfc062723c751e8b465ee728b)  -> (artifact id: 'cc397d3e4c3413180e28017e07cfe57e') in 0.015089 seconds 
  Import took 0.021040 seconds .

========================================================================
Received Import Request.
  Time since last request: 0.000177 seconds.
  path: Assets/environment/Models/Materials/roads_tertiary.mat
  artifactKey: Guid(1d24701439a874c41a62365f75127740) Importer(815301076,1909f56bfc062723c751e8b465ee728b)
Start importing Assets/environment/Models/Materials/roads_tertiary.mat using Guid(1d24701439a874c41a62365f75127740) Importer(815301076,1909f56bfc062723c751e8b465ee728b)  -> (artifact id: '449748d538248dc6d6672a5602ff5e49') in 0.014563 seconds 
  Import took 0.021753 seconds .

========================================================================
Received Import Request.
  Time since last request: 0.000151 seconds.
  path: Assets/environment/Models/Materials/paths_cycleway.mat
  artifactKey: Guid(82c6d0b0fe97ab64f84e95775046dda3) Importer(815301076,1909f56bfc062723c751e8b465ee728b)
Start importing Assets/environment/Models/Materials/paths_cycleway.mat using Guid(82c6d0b0fe97ab64f84e95775046dda3) Importer(815301076,1909f56bfc062723c751e8b465ee728b)  -> (artifact id: 'b5f3b652987b7361b7d03ceae408faa6') in 0.014490 seconds 
  Import took 0.020596 seconds .

========================================================================
Received Import Request.
  Time since last request: 0.000184 seconds.
  path: Assets/environment/Models/Materials/roads_unclassified.mat
  artifactKey: Guid(0a57a285b9f17264680b4f719085d86a) Importer(815301076,1909f56bfc062723c751e8b465ee728b)
Start importing Assets/environment/Models/Materials/roads_unclassified.mat using Guid(0a57a285b9f17264680b4f719085d86a) Importer(815301076,1909f56bfc062723c751e8b465ee728b)  -> (artifact id: '47c6bc622f29bd8bd4fff795b8e204b0') in 0.014759 seconds 
  Import took 0.021032 seconds .

========================================================================
Received Import Request.
  Time since last request: 0.000152 seconds.
  path: Assets/environment/Models/Materials/b28e6b.mat
  artifactKey: Guid(767221683679aa3419c34e82c935e5b1) Importer(815301076,1909f56bfc062723c751e8b465ee728b)
Start importing Assets/environment/Models/Materials/b28e6b.mat using Guid(767221683679aa3419c34e82c935e5b1) Importer(815301076,1909f56bfc062723c751e8b465ee728b)  -> (artifact id: '519191093715615f3da24426ff9c9e8c') in 0.016415 seconds 
  Import took 0.022685 seconds .

========================================================================
Received Import Request.
  Time since last request: 0.000161 seconds.
  path: Assets/environment/Models/Materials/808080.mat
  artifactKey: Guid(471d229bce606584ca99e58be8c82ae9) Importer(815301076,1909f56bfc062723c751e8b465ee728b)
Start importing Assets/environment/Models/Materials/808080.mat using Guid(471d229bce606584ca99e58be8c82ae9) Importer(815301076,1909f56bfc062723c751e8b465ee728b)  -> (artifact id: '35e4bf5cee1c8cb0aaa358af73521f15') in 0.013839 seconds 
  Import took 0.020385 seconds .

========================================================================
Received Import Request.
  Time since last request: 0.000193 seconds.
  path: Assets/environment/Models/Materials/paths_steps.mat
  artifactKey: Guid(72d1a3a43537b244182d01c88f89b47e) Importer(815301076,1909f56bfc062723c751e8b465ee728b)
Start importing Assets/environment/Models/Materials/paths_steps.mat using Guid(72d1a3a43537b244182d01c88f89b47e) Importer(815301076,1909f56bfc062723c751e8b465ee728b)  -> (artifact id: '1df955042cbc453a60a89473a06f0787') in 0.014038 seconds 
  Import took 0.029541 seconds .

========================================================================
Received Import Request.
  Time since last request: 0.000160 seconds.
  path: Assets/environment/Models/Materials/maroon.mat
  artifactKey: Guid(3e5ec34b468120a4da2b36c06798db3c) Importer(815301076,1909f56bfc062723c751e8b465ee728b)
Start importing Assets/environment/Models/Materials/maroon.mat using Guid(3e5ec34b468120a4da2b36c06798db3c) Importer(815301076,1909f56bfc062723c751e8b465ee728b)  -> (artifact id: '74257d65edce8442c3549ee8b0472f75') in 0.013925 seconds 
  Import took 0.021477 seconds .

========================================================================
Received Import Request.
  Time since last request: 0.000142 seconds.
  path: Assets/environment/Models/Materials/dbdbdb.mat
  artifactKey: Guid(de95b053ae73f614b85fccd2ab043eec) Importer(815301076,1909f56bfc062723c751e8b465ee728b)
Start importing Assets/environment/Models/Materials/dbdbdb.mat using Guid(de95b053ae73f614b85fccd2ab043eec) Importer(815301076,1909f56bfc062723c751e8b465ee728b)  -> (artifact id: '2b69ca11be4b0f3df970599a2d295a4a') in 0.013482 seconds 
  Import took 0.020184 seconds .

========================================================================
Received Import Request.
  Time since last request: 0.000224 seconds.
  path: Assets/environment/Models/Materials/fac_00062.jpga938b26e-5118-41db-9052-39e49060795bLarge.mat
  artifactKey: Guid(b90f3674c35dc21468479f4bbbc5f4ee) Importer(815301076,1909f56bfc062723c751e8b465ee728b)
Start importing Assets/environment/Models/Materials/fac_00062.jpga938b26e-5118-41db-9052-39e49060795bLarge.mat using Guid(b90f3674c35dc21468479f4bbbc5f4ee) Importer(815301076,1909f56bfc062723c751e8b465ee728b)  -> (artifact id: '70156ed674042d7f1381a9d4cb776970') in 0.015573 seconds 
  Import took 0.022267 seconds .

========================================================================
Received Import Request.
  Time since last request: 0.000160 seconds.
  path: Assets/environment/Models/Materials/b22222.mat
  artifactKey: Guid(b5ca398847a0ccd4eb63b72b8da6f502) Importer(815301076,1909f56bfc062723c751e8b465ee728b)
Start importing Assets/environment/Models/Materials/b22222.mat using Guid(b5ca398847a0ccd4eb63b72b8da6f502) Importer(815301076,1909f56bfc062723c751e8b465ee728b)  -> (artifact id: 'd4804aaecf2eb2ab88b86664b2a9121f') in 0.014190 seconds 
  Import took 0.020960 seconds .

========================================================================
Received Import Request.
  Time since last request: 0.000454 seconds.
  path: Assets/environment/Models/Materials/aquamarine.mat
  artifactKey: Guid(a8f8cb188aa352143a3ee146cc5c7e7e) Importer(815301076,1909f56bfc062723c751e8b465ee728b)
Start importing Assets/environment/Models/Materials/aquamarine.mat using Guid(a8f8cb188aa352143a3ee146cc5c7e7e) Importer(815301076,1909f56bfc062723c751e8b465ee728b)  -> (artifact id: 'f92bafc45225f89419e1f342a426f98d') in 0.014338 seconds 
  Import took 0.021349 seconds .

========================================================================
Received Import Request.
  Time since last request: 0.000203 seconds.
  path: Assets/environment/Models/Materials/d5d5b7.mat
  artifactKey: Guid(8b972fa7158ca91479a34741754ccfcc) Importer(815301076,1909f56bfc062723c751e8b465ee728b)
Start importing Assets/environment/Models/Materials/d5d5b7.mat using Guid(8b972fa7158ca91479a34741754ccfcc) Importer(815301076,1909f56bfc062723c751e8b465ee728b)  -> (artifact id: '5b52b2e49c238168f12f2e241f9c78cc') in 0.014217 seconds 
  Import took 0.020763 seconds .

========================================================================
Received Import Request.
  Time since last request: 0.000163 seconds.
  path: Assets/environment/Models/Materials/paths_footway.mat
  artifactKey: Guid(7b9fed0c166e18949af70cadb8e5f3e0) Importer(815301076,1909f56bfc062723c751e8b465ee728b)
Start importing Assets/environment/Models/Materials/paths_footway.mat using Guid(7b9fed0c166e18949af70cadb8e5f3e0) Importer(815301076,1909f56bfc062723c751e8b465ee728b)  -> (artifact id: '9f65ab100d2873f3d37c489afd31dd1e') in 0.013723 seconds 
  Import took 0.020370 seconds .

========================================================================
Received Import Request.
  Time since last request: 0.000159 seconds.
  path: Assets/environment/Models/Materials/roof.mat
  artifactKey: Guid(0efaac040fab71d45a7f23a52bd55cbf) Importer(815301076,1909f56bfc062723c751e8b465ee728b)
Start importing Assets/environment/Models/Materials/roof.mat using Guid(0efaac040fab71d45a7f23a52bd55cbf) Importer(815301076,1909f56bfc062723c751e8b465ee728b)  -> (artifact id: 'f85820154119ef496b2b56696f6132bf') in 0.012983 seconds 
  Import took 0.018482 seconds .

========================================================================
Received Import Request.
  Time since last request: 0.000169 seconds.
  path: Assets/environment/Models/Materials/railways.mat
  artifactKey: Guid(2d483d944a780cd4f8453c1897a40a55) Importer(815301076,1909f56bfc062723c751e8b465ee728b)
Start importing Assets/environment/Models/Materials/railways.mat using Guid(2d483d944a780cd4f8453c1897a40a55) Importer(815301076,1909f56bfc062723c751e8b465ee728b)  -> (artifact id: 'ca8c305a4ff7ad2c695f7b59a760a71e') in 0.014276 seconds 
  Import took 0.022065 seconds .

========================================================================
Received Import Request.
  Time since last request: 0.000158 seconds.
  path: Assets/environment/Models/Materials/Jpan.mat
  artifactKey: Guid(7e0b038760110184aa305139cd4ed73c) Importer(815301076,1909f56bfc062723c751e8b465ee728b)
Start importing Assets/environment/Models/Materials/Jpan.mat using Guid(7e0b038760110184aa305139cd4ed73c) Importer(815301076,1909f56bfc062723c751e8b465ee728b)  -> (artifact id: 'c88c89c5953170991866292ab059f546') in 0.015069 seconds 
  Import took 0.021272 seconds .

========================================================================
Received Import Request.
  Time since last request: 0.000161 seconds.
  path: Assets/environment/Models/Materials/roads_trunk.mat
  artifactKey: Guid(53f9b0dfd2e951c4d9b85c9295c34079) Importer(815301076,1909f56bfc062723c751e8b465ee728b)
Start importing Assets/environment/Models/Materials/roads_trunk.mat using Guid(53f9b0dfd2e951c4d9b85c9295c34079) Importer(815301076,1909f56bfc062723c751e8b465ee728b)  -> (artifact id: 'cb414f550a6719650423da77383d66f5') in 0.012854 seconds 
  Import took 0.018626 seconds .

========================================================================
Received Import Request.
  Time since last request: 0.000180 seconds.
  path: Assets/environment/Models/Materials/areas_railways.mat
  artifactKey: Guid(14e92edc9d0e4ac4d9bb62d0a68f76c2) Importer(815301076,1909f56bfc062723c751e8b465ee728b)
Start importing Assets/environment/Models/Materials/areas_railways.mat using Guid(14e92edc9d0e4ac4d9bb62d0a68f76c2) Importer(815301076,1909f56bfc062723c751e8b465ee728b)  -> (artifact id: '28552760f9c3c5f20ae5689241172aac') in 0.014028 seconds 
  Import took 0.020150 seconds .

========================================================================
Received Import Request.
  Time since last request: 0.000170 seconds.
  path: Assets/environment/Models/Materials/black.mat
  artifactKey: Guid(953128d2a6494e74f879ab1947349d1d) Importer(815301076,1909f56bfc062723c751e8b465ee728b)
Start importing Assets/environment/Models/Materials/black.mat using Guid(953128d2a6494e74f879ab1947349d1d) Importer(815301076,1909f56bfc062723c751e8b465ee728b)  -> (artifact id: '00cb4c379af16471dec73272ee690782') in 0.014387 seconds 
  Import took 0.020324 seconds .

========================================================================
Received Import Request.
  Time since last request: 0.000162 seconds.
  path: Assets/environment/Models/Materials/74bfc000d948c976c19f867ab3cb9df2.mat
  artifactKey: Guid(a41ec7550194a7b4ea347f3d04175b17) Importer(815301076,1909f56bfc062723c751e8b465ee728b)
Start importing Assets/environment/Models/Materials/74bfc000d948c976c19f867ab3cb9df2.mat using Guid(a41ec7550194a7b4ea347f3d04175b17) Importer(815301076,1909f56bfc062723c751e8b465ee728b)  -> (artifact id: 'd240b4f0381c258a0a664457e0d28449') in 0.016152 seconds 
  Import took 0.023987 seconds .

========================================================================
Received Import Request.
  Time since last request: 0.000193 seconds.
  path: Assets/environment/Models/Materials/4169e1.mat
  artifactKey: Guid(377f97cbe7bd0d749935fb8c074acfd8) Importer(815301076,1909f56bfc062723c751e8b465ee728b)
Start importing Assets/environment/Models/Materials/4169e1.mat using Guid(377f97cbe7bd0d749935fb8c074acfd8) Importer(815301076,1909f56bfc062723c751e8b465ee728b)  -> (artifact id: '6900088bca5caba91bee99dc09140e41') in 0.015803 seconds 
  Import took 0.022969 seconds .

========================================================================
Received Import Request.
  Time since last request: 0.000181 seconds.
  path: Assets/environment/Models/Materials/roads_motorway.mat
  artifactKey: Guid(95c0772ffda12f64998d66b679e6ad83) Importer(815301076,1909f56bfc062723c751e8b465ee728b)
Start importing Assets/environment/Models/Materials/roads_motorway.mat using Guid(95c0772ffda12f64998d66b679e6ad83) Importer(815301076,1909f56bfc062723c751e8b465ee728b)  -> (artifact id: '5da2e4d14262ab104a18fd920b9be2fd') in 0.013545 seconds 
  Import took 0.020521 seconds .

========================================================================
Received Import Request.
  Time since last request: 0.000153 seconds.
  path: Assets/environment/Models/Materials/areas_pedestrian.mat
  artifactKey: Guid(c6c2f709d19390a48ad886f971abfeef) Importer(815301076,1909f56bfc062723c751e8b465ee728b)
Start importing Assets/environment/Models/Materials/areas_pedestrian.mat using Guid(c6c2f709d19390a48ad886f971abfeef) Importer(815301076,1909f56bfc062723c751e8b465ee728b)  -> (artifact id: 'd8b5b9084469bf0bfea58988804cf637') in 0.015578 seconds 
  Import took 0.021715 seconds .

========================================================================
Received Import Request.
  Time since last request: 0.000192 seconds.
  path: Assets/environment/Models/Materials/ff0000.mat
  artifactKey: Guid(c1776db5199765349a2d00bae137d0ce) Importer(815301076,1909f56bfc062723c751e8b465ee728b)
Start importing Assets/environment/Models/Materials/ff0000.mat using Guid(c1776db5199765349a2d00bae137d0ce) Importer(815301076,1909f56bfc062723c751e8b465ee728b)  -> (artifact id: 'ed31c2c904c9e4baae7f4bbcaa58ced4') in 0.013734 seconds 
  Import took 0.021184 seconds .

========================================================================
Received Import Request.
  Time since last request: 0.000162 seconds.
  path: Assets/environment/Models/Materials/green.mat
  artifactKey: Guid(cf75f84e514f8e84ca2a387b3fd4eadd) Importer(815301076,1909f56bfc062723c751e8b465ee728b)
Start importing Assets/environment/Models/Materials/green.mat using Guid(cf75f84e514f8e84ca2a387b3fd4eadd) Importer(815301076,1909f56bfc062723c751e8b465ee728b)  -> (artifact id: '56e576277395d9b5445d6cbc0faff8c1') in 0.013418 seconds 
  Import took 0.020342 seconds .

========================================================================
Received Import Request.
  Time since last request: 0.000229 seconds.
  path: Assets/environment/Models/Materials/roads_secondary.mat
  artifactKey: Guid(86b22b9edaa7f1f4a8b5ded4a28c09c3) Importer(815301076,1909f56bfc062723c751e8b465ee728b)
Start importing Assets/environment/Models/Materials/roads_secondary.mat using Guid(86b22b9edaa7f1f4a8b5ded4a28c09c3) Importer(815301076,1909f56bfc062723c751e8b465ee728b)  -> (artifact id: '46879a845e838cf2a1b572cbc27c17f3') in 0.014766 seconds 
  Import took 0.021709 seconds .

========================================================================
Received Import Request.
  Time since last request: 6.153490 seconds.
  path: Assets/environment/Texture/Terrin/NewLayer.terrainlayer
  artifactKey: Guid(261fe796db888814088113ebfc504913) Importer(815301076,1909f56bfc062723c751e8b465ee728b)
Start importing Assets/environment/Texture/Terrin/NewLayer.terrainlayer using Guid(261fe796db888814088113ebfc504913) Importer(815301076,1909f56bfc062723c751e8b465ee728b)  -> (artifact id: '3cbc31550a45753c2dd53f98ba7f7a0a') in 0.047479 seconds 
  Import took 0.055919 seconds .

========================================================================
Received Import Request.
  Time since last request: 663.962849 seconds.
  path: Assets/Samples/Terrain Tools/0.1.0-preview/Terrain Assets/BrushTextures/plateau02.tif
  artifactKey: Guid(7fce2600db05ae54ea39d9e5681232cc) Importer(815301076,1909f56bfc062723c751e8b465ee728b)
Start importing Assets/Samples/Terrain Tools/0.1.0-preview/Terrain Assets/BrushTextures/plateau02.tif using Guid(7fce2600db05ae54ea39d9e5681232cc) Importer(815301076,1909f56bfc062723c751e8b465ee728b)  -> (artifact id: 'a459f2ede27fbbcf02a619adf357b9a8') in 0.015061 seconds 
  Import took 0.021303 seconds .

========================================================================
Received Import Request.
  Time since last request: 0.000150 seconds.
  path: Assets/Samples/Terrain Tools/0.1.0-preview/Terrain Assets/BrushTextures/plateau03.tif
  artifactKey: Guid(116d48bc82e4c0a4683cbd79927b4596) Importer(815301076,1909f56bfc062723c751e8b465ee728b)
Start importing Assets/Samples/Terrain Tools/0.1.0-preview/Terrain Assets/BrushTextures/plateau03.tif using Guid(116d48bc82e4c0a4683cbd79927b4596) Importer(815301076,1909f56bfc062723c751e8b465ee728b)  -> (artifact id: 'f1b1ad8f0b507f49ac8e20f53f0f1b5a') in 0.014920 seconds 
  Import took 0.020448 seconds .

========================================================================
Received Import Request.
  Time since last request: 0.007519 seconds.
  path: Assets/Samples/Terrain Tools/0.1.0-preview/Terrain Assets/BrushTextures/ridge01.tif
  artifactKey: Guid(2093015066086b94e9636a0e1f1344ea) Importer(815301076,1909f56bfc062723c751e8b465ee728b)
Start importing Assets/Samples/Terrain Tools/0.1.0-preview/Terrain Assets/BrushTextures/ridge01.tif using Guid(2093015066086b94e9636a0e1f1344ea) Importer(815301076,1909f56bfc062723c751e8b465ee728b)  -> (artifact id: 'f0edd860d03a0f7b1c3f1c009f1df900') in 0.018732 seconds 
  Import took 0.023754 seconds .

========================================================================
Received Import Request.
  Time since last request: 0.000228 seconds.
  path: Assets/Samples/Terrain Tools/0.1.0-preview/Terrain Assets/BrushTextures/ridge06.tif
  artifactKey: Guid(deb3fcdbaaa2cf64f90d5a341ffd9939) Importer(815301076,1909f56bfc062723c751e8b465ee728b)
Start importing Assets/Samples/Terrain Tools/0.1.0-preview/Terrain Assets/BrushTextures/ridge06.tif using Guid(deb3fcdbaaa2cf64f90d5a341ffd9939) Importer(815301076,1909f56bfc062723c751e8b465ee728b)  -> (artifact id: 'dc245af94982db4908a5fa765da89234') in 0.016088 seconds 
  Import took 0.021770 seconds .

========================================================================
Received Import Request.
  Time since last request: 0.000172 seconds.
  path: Assets/Samples/Terrain Tools/0.1.0-preview/Terrain Assets/BrushTextures/ridge05.tif
  artifactKey: Guid(d5746b47e7c4501479a9aaa297c095e3) Importer(815301076,1909f56bfc062723c751e8b465ee728b)
Start importing Assets/Samples/Terrain Tools/0.1.0-preview/Terrain Assets/BrushTextures/ridge05.tif using Guid(d5746b47e7c4501479a9aaa297c095e3) Importer(815301076,1909f56bfc062723c751e8b465ee728b)  -> (artifact id: '240e0cba8ae5e70e7b0e735c80404df6') in 0.016466 seconds 
  Import took 0.021792 seconds .

========================================================================
Received Import Request.
  Time since last request: 0.000150 seconds.
  path: Assets/Samples/Terrain Tools/0.1.0-preview/Terrain Assets/BrushTextures/ridge02.tif
  artifactKey: Guid(753f8aefff7f53945bb09d75656ba8de) Importer(815301076,1909f56bfc062723c751e8b465ee728b)
Start importing Assets/Samples/Terrain Tools/0.1.0-preview/Terrain Assets/BrushTextures/ridge02.tif using Guid(753f8aefff7f53945bb09d75656ba8de) Importer(815301076,1909f56bfc062723c751e8b465ee728b)  -> (artifact id: 'ddee79938f679c57c8f1b65a268c6dfb') in 0.019963 seconds 
  Import took 0.025864 seconds .

========================================================================
Received Import Request.
  Time since last request: 0.000155 seconds.
  path: Assets/Samples/Terrain Tools/0.1.0-preview/Terrain Assets/BrushTextures/ridge04.tif
  artifactKey: Guid(440810c88740a8045949d48b489e443b) Importer(815301076,1909f56bfc062723c751e8b465ee728b)
Start importing Assets/Samples/Terrain Tools/0.1.0-preview/Terrain Assets/BrushTextures/ridge04.tif using Guid(440810c88740a8045949d48b489e443b) Importer(815301076,1909f56bfc062723c751e8b465ee728b)  -> (artifact id: 'f7c0c21ab4f0c5ac17f54b463ea4d3bd') in 0.018380 seconds 
  Import took 0.023574 seconds .

========================================================================
Received Import Request.
  Time since last request: 0.000149 seconds.
  path: Assets/Samples/Terrain Tools/0.1.0-preview/Terrain Assets/BrushTextures/ridge03.tif
  artifactKey: Guid(b1dadb884e92879469e470aba88f0096) Importer(815301076,1909f56bfc062723c751e8b465ee728b)
Start importing Assets/Samples/Terrain Tools/0.1.0-preview/Terrain Assets/BrushTextures/ridge03.tif using Guid(b1dadb884e92879469e470aba88f0096) Importer(815301076,1909f56bfc062723c751e8b465ee728b)  -> (artifact id: '9502168d1a5a29ef476af4f96a1ac0b8') in 0.016692 seconds 
  Import took 0.022064 seconds .

========================================================================
Received Import Request.
  Time since last request: 4.031548 seconds.
  path: Assets/Samples/Terrain Tools/0.1.0-preview/Terrain Assets/BrushTextures/ridge_edge01.tif
  artifactKey: Guid(b38901ae2e7149540aaa7fe2697aba3e) Importer(815301076,1909f56bfc062723c751e8b465ee728b)
Start importing Assets/Samples/Terrain Tools/0.1.0-preview/Terrain Assets/BrushTextures/ridge_edge01.tif using Guid(b38901ae2e7149540aaa7fe2697aba3e) Importer(815301076,1909f56bfc062723c751e8b465ee728b)  -> (artifact id: 'cb36caf2c765788c3dc24c5d2d2024d4') in 0.012743 seconds 
  Import took 0.018046 seconds .

========================================================================
Received Import Request.
  Time since last request: 0.000233 seconds.
  path: Assets/Samples/Terrain Tools/0.1.0-preview/Terrain Assets/BrushTextures/rolling_hills01.tif
  artifactKey: Guid(ef3a42474254efb44a572b52d3ac06cd) Importer(815301076,1909f56bfc062723c751e8b465ee728b)
Start importing Assets/Samples/Terrain Tools/0.1.0-preview/Terrain Assets/BrushTextures/rolling_hills01.tif using Guid(ef3a42474254efb44a572b52d3ac06cd) Importer(815301076,1909f56bfc062723c751e8b465ee728b)  -> (artifact id: 'b5d497396d0844936a13585ea58185f2') in 0.013752 seconds 
  Import took 0.018831 seconds .

========================================================================
Received Import Request.
  Time since last request: 0.000209 seconds.
  path: Assets/Samples/Terrain Tools/0.1.0-preview/Terrain Assets/TerrainTextures/rock_mask.tif
  artifactKey: Guid(44f7e6aa71506b041ac0a60db8868a44) Importer(815301076,1909f56bfc062723c751e8b465ee728b)
Start importing Assets/Samples/Terrain Tools/0.1.0-preview/Terrain Assets/TerrainTextures/rock_mask.tif using Guid(44f7e6aa71506b041ac0a60db8868a44) Importer(815301076,1909f56bfc062723c751e8b465ee728b)  -> (artifact id: '27da64c826281b9f056e62299c77b222') in 0.013436 seconds 
  Import took 0.019740 seconds .

========================================================================
Received Import Request.
  Time since last request: 0.000211 seconds.
  path: Assets/Samples/Terrain Tools/0.1.0-preview/Terrain Assets/TerrainTextures/rock_albedo.tif
  artifactKey: Guid(f7dd726c93b8f17418ea3be3f6768909) Importer(815301076,1909f56bfc062723c751e8b465ee728b)
Start importing Assets/Samples/Terrain Tools/0.1.0-preview/Terrain Assets/TerrainTextures/rock_albedo.tif using Guid(f7dd726c93b8f17418ea3be3f6768909) Importer(815301076,1909f56bfc062723c751e8b465ee728b)  -> (artifact id: '2b2b51ffacbc30aa00e7baf6d0a7ddad') in 0.013616 seconds 
  Import took 0.019882 seconds .

========================================================================
Received Import Request.
  Time since last request: 0.000166 seconds.
  path: Assets/Samples/Terrain Tools/0.1.0-preview/Terrain Assets/TerrainTextures/sand_albedo.tif
  artifactKey: Guid(6bcc65b7c6e3a0b448d7801bfc56842f) Importer(815301076,1909f56bfc062723c751e8b465ee728b)
Start importing Assets/Samples/Terrain Tools/0.1.0-preview/Terrain Assets/TerrainTextures/sand_albedo.tif using Guid(6bcc65b7c6e3a0b448d7801bfc56842f) Importer(815301076,1909f56bfc062723c751e8b465ee728b)  -> (artifact id: 'c377578b680645e0668cefe227ff2a8c') in 0.013280 seconds 
  Import took 0.018698 seconds .

========================================================================
Received Import Request.
  Time since last request: 0.000228 seconds.
  path: Assets/Samples/Terrain Tools/0.1.0-preview/Terrain Assets/TerrainTextures/scree_albedo.tif
  artifactKey: Guid(fcd3993703e7d804bb735613d2a5189d) Importer(815301076,1909f56bfc062723c751e8b465ee728b)
Start importing Assets/Samples/Terrain Tools/0.1.0-preview/Terrain Assets/TerrainTextures/scree_albedo.tif using Guid(fcd3993703e7d804bb735613d2a5189d) Importer(815301076,1909f56bfc062723c751e8b465ee728b)  -> (artifact id: '4b98b1f7f81303592b65adb98225950c') in 0.013920 seconds 
  Import took 0.019105 seconds .

========================================================================
Received Import Request.
  Time since last request: 0.000171 seconds.
  path: Assets/Samples/Terrain Tools/0.1.0-preview/Terrain Assets/TerrainTextures/scree_mask.tif
  artifactKey: Guid(e2a486d7d86a7e8469b15e7ae4d004f0) Importer(815301076,1909f56bfc062723c751e8b465ee728b)
Start importing Assets/Samples/Terrain Tools/0.1.0-preview/Terrain Assets/TerrainTextures/scree_mask.tif using Guid(e2a486d7d86a7e8469b15e7ae4d004f0) Importer(815301076,1909f56bfc062723c751e8b465ee728b)  -> (artifact id: 'b3d5d2ad722791490f6e997377e484e4') in 0.015279 seconds 
  Import took 0.020478 seconds .

========================================================================
Received Import Request.
  Time since last request: 0.000146 seconds.
  path: Assets/Samples/Terrain Tools/0.1.0-preview/Terrain Assets/TerrainTextures/snow_mask.tif
  artifactKey: Guid(1a4d9960438e8f242a5155b27813efe9) Importer(815301076,1909f56bfc062723c751e8b465ee728b)
Start importing Assets/Samples/Terrain Tools/0.1.0-preview/Terrain Assets/TerrainTextures/snow_mask.tif using Guid(1a4d9960438e8f242a5155b27813efe9) Importer(815301076,1909f56bfc062723c751e8b465ee728b)  -> (artifact id: 'f242b706b10e747ce6a9148ce0c7e967') in 0.012142 seconds 
  Import took 0.017032 seconds .

========================================================================
Received Import Request.
  Time since last request: 0.000163 seconds.
  path: Assets/Samples/Terrain Tools/0.1.0-preview/Terrain Assets/TerrainTextures/sand_mask.tif
  artifactKey: Guid(58a4a6310bd23844bae88d82f7916059) Importer(815301076,1909f56bfc062723c751e8b465ee728b)
Start importing Assets/Samples/Terrain Tools/0.1.0-preview/Terrain Assets/TerrainTextures/sand_mask.tif using Guid(58a4a6310bd23844bae88d82f7916059) Importer(815301076,1909f56bfc062723c751e8b465ee728b)  -> (artifact id: '507e21565f689e41adf04a665a8f9994') in 0.013336 seconds 
  Import took 0.019069 seconds .

========================================================================
Received Import Request.
  Time since last request: 0.000158 seconds.
  path: Assets/Samples/Terrain Tools/0.1.0-preview/Terrain Assets/TerrainTextures/snow_normal.tif
  artifactKey: Guid(52f2b70b42682a145b20ea5f04fd6af1) Importer(815301076,1909f56bfc062723c751e8b465ee728b)
Start importing Assets/Samples/Terrain Tools/0.1.0-preview/Terrain Assets/TerrainTextures/snow_normal.tif using Guid(52f2b70b42682a145b20ea5f04fd6af1) Importer(815301076,1909f56bfc062723c751e8b465ee728b)  -> (artifact id: '3878d19d14c8d2235b06c3341495d787') in 0.013402 seconds 
  Import took 0.018548 seconds .

========================================================================
Received Import Request.
  Time since last request: 0.000143 seconds.
  path: Assets/Samples/Terrain Tools/0.1.0-preview/Terrain Assets/TerrainTextures/screen_normal.tif
  artifactKey: Guid(703d1f74c69fc95498dcfd0afe8e1d61) Importer(815301076,1909f56bfc062723c751e8b465ee728b)
Start importing Assets/Samples/Terrain Tools/0.1.0-preview/Terrain Assets/TerrainTextures/screen_normal.tif using Guid(703d1f74c69fc95498dcfd0afe8e1d61) Importer(815301076,1909f56bfc062723c751e8b465ee728b)  -> (artifact id: '68de28636040709854e3198bfe626f1d') in 0.015358 seconds 
  Import took 0.020366 seconds .

========================================================================
Received Import Request.
  Time since last request: 0.000160 seconds.
  path: Assets/Samples/Terrain Tools/0.1.0-preview/Terrain Assets/BrushTextures/soft_peaks01.tif
  artifactKey: Guid(adfba81bdb8d30048bbea4ad595dbab7) Importer(815301076,1909f56bfc062723c751e8b465ee728b)
Start importing Assets/Samples/Terrain Tools/0.1.0-preview/Terrain Assets/BrushTextures/soft_peaks01.tif using Guid(adfba81bdb8d30048bbea4ad595dbab7) Importer(815301076,1909f56bfc062723c751e8b465ee728b)  -> (artifact id: 'f5b83429d90c8234e61f322c077d150b') in 0.013782 seconds 
  Import took 0.019713 seconds .

========================================================================
Received Import Request.
  Time since last request: 0.000143 seconds.
  path: Assets/Samples/Terrain Tools/0.1.0-preview/Terrain Assets/TerrainTextures/sand_normal.tif
  artifactKey: Guid(dd1ad706663683546b665fd5b0286bbd) Importer(815301076,1909f56bfc062723c751e8b465ee728b)
Start importing Assets/Samples/Terrain Tools/0.1.0-preview/Terrain Assets/TerrainTextures/sand_normal.tif using Guid(dd1ad706663683546b665fd5b0286bbd) Importer(815301076,1909f56bfc062723c751e8b465ee728b)  -> (artifact id: '253a80abe942090e0a8539b52d1ccd27') in 0.014754 seconds 
  Import took 0.020179 seconds .

========================================================================
Received Import Request.
  Time since last request: 0.000140 seconds.
  path: Assets/Samples/Terrain Tools/0.1.0-preview/Terrain Assets/TerrainTextures/rock_normal.tif
  artifactKey: Guid(f45c3bd09301cc64783afc31dfca026b) Importer(815301076,1909f56bfc062723c751e8b465ee728b)
Start importing Assets/Samples/Terrain Tools/0.1.0-preview/Terrain Assets/TerrainTextures/rock_normal.tif using Guid(f45c3bd09301cc64783afc31dfca026b) Importer(815301076,1909f56bfc062723c751e8b465ee728b)  -> (artifact id: '24c8d5439c5ed36ff68ab57ec18db8c7') in 0.015536 seconds 
  Import took 0.021121 seconds .

========================================================================
Received Import Request.
  Time since last request: 0.000140 seconds.
  path: Assets/Samples/Terrain Tools/0.1.0-preview/Terrain Assets/TerrainTextures/snow_albedo.tif
  artifactKey: Guid(0cc0777f7d4a3444380eb084d74396b5) Importer(815301076,1909f56bfc062723c751e8b465ee728b)
Start importing Assets/Samples/Terrain Tools/0.1.0-preview/Terrain Assets/TerrainTextures/snow_albedo.tif using Guid(0cc0777f7d4a3444380eb084d74396b5) Importer(815301076,1909f56bfc062723c751e8b465ee728b)  -> (artifact id: 'ca5c3830e0f2d817b6a606bd9eddfe62') in 0.014581 seconds 
  Import took 0.019465 seconds .

========================================================================
Received Import Request.
  Time since last request: 1.353881 seconds.
  path: Assets/New Terrain 1.asset
  artifactKey: Guid(580ed5545b278c745886488a323658e2) Importer(815301076,1909f56bfc062723c751e8b465ee728b)
Start importing Assets/New Terrain 1.asset using Guid(580ed5545b278c745886488a323658e2) Importer(815301076,1909f56bfc062723c751e8b465ee728b)  -> (artifact id: 'd2c6b2e9f13f82a7e7c05f8bd8566849') in 0.105337 seconds 
  Import took 0.112429 seconds .

========================================================================
Received Import Request.
  Time since last request: 0.000176 seconds.
  path: Assets/Samples/Terrain Tools/0.1.0-preview/Terrain Assets/BrushTextures/volcanic.tif
  artifactKey: Guid(363319f155d126f42babcdde1483c92d) Importer(815301076,1909f56bfc062723c751e8b465ee728b)
Start importing Assets/Samples/Terrain Tools/0.1.0-preview/Terrain Assets/BrushTextures/volcanic.tif using Guid(363319f155d126f42babcdde1483c92d) Importer(815301076,1909f56bfc062723c751e8b465ee728b)  -> (artifact id: '3f3cce1e20059056d40db0c700a633ac') in 0.018025 seconds 
  Import took 0.024203 seconds .

========================================================================
Received Import Request.
  Time since last request: 0.000166 seconds.
  path: Assets/Samples/Terrain Tools/0.1.0-preview/Terrain Assets/BrushTextures/volcano01.tif
  artifactKey: Guid(bd916b355f53ab144901eeb862a0be0b) Importer(815301076,1909f56bfc062723c751e8b465ee728b)
Start importing Assets/Samples/Terrain Tools/0.1.0-preview/Terrain Assets/BrushTextures/volcano01.tif using Guid(bd916b355f53ab144901eeb862a0be0b) Importer(815301076,1909f56bfc062723c751e8b465ee728b)  -> (artifact id: '7bfc70689ea223f43b2fe3ba5b3e430c') in 0.015257 seconds 
  Import took 0.020466 seconds .

========================================================================
Received Import Request.
  Time since last request: 0.285876 seconds.
  path: Assets/Samples/Terrain Tools/0.1.0-preview/Terrain Assets/BrushTextures/white_square.tif
  artifactKey: Guid(63c633526981fac49b5eb44c0212bf2f) Importer(815301076,1909f56bfc062723c751e8b465ee728b)
Start importing Assets/Samples/Terrain Tools/0.1.0-preview/Terrain Assets/BrushTextures/white_square.tif using Guid(63c633526981fac49b5eb44c0212bf2f) Importer(815301076,1909f56bfc062723c751e8b465ee728b)  -> (artifact id: '69e930d8cef5e702bc9ee6b1e4142992') in 0.011096 seconds 
  Import took 0.016256 seconds .

========================================================================
Received Prepare
Registering precompiled user dll's ...
Registered in 0.041683 seconds.
Begin MonoManager ReloadAssembly
Native extension for WindowsStandalone target not found
Refreshing native plugins compatible for Editor in 1.37 ms, found 11 plugins.
Preloading 1 native plugins for Editor in 0.33 ms.
Mono: successfully reloaded assembly
- Completed reload, in  1.746 seconds
Domain Reload Profiling:
	ReloadAssembly (1747ms)
		BeginReloadAssembly (364ms)
			ExecutionOrderSort (0ms)
			DisableScriptedObjects (19ms)
			BackupInstance (0ms)
			ReleaseScriptingObjects (0ms)
			CreateAndSetChildDomain (141ms)
		EndReloadAssembly (1287ms)
			LoadAssemblies (211ms)
			RebuildTransferFunctionScriptingTraits (0ms)
			SetupTypeCache (447ms)
			ReleaseScriptCaches (2ms)
			RebuildScriptCaches (54ms)
			SetupLoadedEditorAssemblies (442ms)
				LogAssemblyErrors (0ms)
				InitializePlatformSupportModulesInManaged (6ms)
				SetLoadedEditorAssemblies (1ms)
				RefreshPlugins (2ms)
				BeforeProcessingInitializeOnLoad (118ms)
				ProcessInitializeOnLoadAttributes (303ms)
				ProcessInitializeOnLoadMethodAttributes (5ms)
				AfterProcessingInitializeOnLoad (7ms)
				EditorAssembliesLoaded (0ms)
			ExecutionOrderSort2 (0ms)
			AwakeInstancesAfterBackupRestoration (18ms)
Platform modules already initialized, skipping
Refreshing native plugins compatible for Editor in 1.08 ms, found 11 plugins.
Preloading 1 native plugins for Editor in 0.12 ms.
Unloading 3086 Unused Serialized files (Serialized files now loaded: 0)
System memory in use before: 236.0 MB.
System memory in use after: 236.3 MB.

Unloading 16 unused Assets to reduce memory usage. Loaded Objects now: 3793.
Total: 5.671400 ms (FindLiveObjects: 0.665600 ms CreateObjectMapping: 0.768200 ms MarkObjects: 4.198600 ms  DeleteObjects: 0.036500 ms)

AssetImportParameters requested are different than current active one (requested -> active):
  custom:framework-win-MediaFoundation: 216162199b28c13a410421893ffa2e32 -> 
  custom:video-decoder-ogg-theora: a1e56fd34408186e4bbccfd4996cb3dc -> 
  custom:container-muxer-webm: aa71ff27fc2769a1b78a27578f13a17b -> 
  custom:container-demuxer-webm: 4f35f7cbe854078d1ac9338744f61a02 -> 
  custom:container-demuxer-ogg: 62fdf1f143b41e24485cea50d1cbac27 -> 
  custom:video-encoder-webm-vp8: eb34c28f22e8b96e1ab97ce403110664 -> 
  custom:video-decoder-webm-vp8: 9c59270c3fd7afecdb556c50c9e8de78 -> 
  custom:audio-decoder-ogg-vorbis: bf7c407c2cedff20999df2af8eb42d56 -> 
  custom:audio-encoder-webm-vorbis: bf7c407c2cedff20999df2af8eb42d56 -> 
========================================================================
Received Import Request.
  Time since last request: 3299.403183 seconds.
  path: Assets/environment/Models/JapanOBJ.fbx
  artifactKey: Guid(1f8d3215836257e4fbefa2ea7f0058e7) Importer(815301076,1909f56bfc062723c751e8b465ee728b)
Start importing Assets/environment/Models/JapanOBJ.fbx using Guid(1f8d3215836257e4fbefa2ea7f0058e7) Importer(815301076,1909f56bfc062723c751e8b465ee728b)  -> (artifact id: '763ba98fc2003c892d0fcc9d0cd8d33e') in 117.519383 seconds 
  Import took 117.686224 seconds .

========================================================================
Received Import Request.
  Time since last request: 1.319679 seconds.
  path: Assets/environment/Models/JapanOBJ.fbx
  artifactKey: Guid(1f8d3215836257e4fbefa2ea7f0058e7) Importer(815301076,1909f56bfc062723c751e8b465ee728b)
Start importing Assets/environment/Models/JapanOBJ.fbx using Guid(1f8d3215836257e4fbefa2ea7f0058e7) Importer(815301076,1909f56bfc062723c751e8b465ee728b)  -> (artifact id: '151c116917fc26dc5cedc0795040d19f') in 116.141892 seconds 
  Import took 116.315491 seconds .

========================================================================
Received Import Request.
  Time since last request: 1143.114986 seconds.
  path: Assets/environment/Texture/Terrin/NewLayer.terrainlayer
  artifactKey: Guid(261fe796db888814088113ebfc504913) Importer(815301076,1909f56bfc062723c751e8b465ee728b)
Start importing Assets/environment/Texture/Terrin/NewLayer.terrainlayer using Guid(261fe796db888814088113ebfc504913) Importer(815301076,1909f56bfc062723c751e8b465ee728b)  -> (artifact id: 'b7bc9a1848ad0f6039f3a520473db54f') in 0.171175 seconds 
  Import took 0.181835 seconds .

AssetImportWorkerClient::OnTransportError - code=2 error=End of file
